2026-04-02 12:05:17,877 - INFO - Total features in state 19: 567520
2026-04-02 12:05:17,894 - INFO - Counties in state 19: ['061' '097' '045' '163' '071' '145' '093' '161' '025' '187' '047' '027'
 '073' '015' '165' '009' '077' '049' '155' '029' '001' '121' '177' '111'
 '137' '003' '175' '173' '159' '109' '189' '195' '131' '081' '033' '067'
 '091' '197' '069' '023' '079' '083' '075' '013' '019' '171' '011' '113'
 '127' '099' '157' '095' '103' '107' '183' '125' '123' '007' '051' '191'
 '005' '193' '133' '085' '053' '185' '153' '181' '039' '117' '135' '129'
 '055' '105' '031' '139' '119' '167' '089' '037' '065' '017' '143' '059'
 '063' '141' '041' '147' '021' '035' '151' '115' '101' '087' '057' '149'
 '179' '169' '043']
2026-04-02 12:05:17,921 - INFO - Processing county: 117. Total features: 2620
2026-04-02 12:05:17,926 - INFO - [GAP] Processing missing range 0 → 300
2026-04-02 12:05:17,926 - INFO - [INFO] Processing batch 0 → 300
2026-04-02 12:05:17,953 - INFO - Using CRS: EPSG:32615
2026-04-02 12:05:18,061 - INFO - Created 300 records
2026-04-02 12:07:21,293 - INFO - [INFO] Saved: C:\evi_output\2024\19\117\19_117_batch_0_to_300.csv
2026-04-02 12:07:21,293 - INFO - [TIME] Batch 0 → 300 took 123.37 sec (2.06 min)
2026-04-02 12:07:26,294 - INFO - [INFO] Transforming dataframe with 300 rows and 3523 columns
2026-04-02 12:07:26,999 - INFO - [INFO] EVI columns found: 1757
2026-04-02 12:07:27,001 - INFO - [INFO] Count columns found: True
2026-04-02 12:07:58,953 - INFO - [INFO] Saved C:\evi_output_raw\2024\19\117\19117000300.csv
2026-04-02 12:07:58,959 - INFO - [TIME] Batch 0 → 300 transformation took 32.66 sec (0.54 min)
2026-04-02 12:07:58,964 - INFO - [GAP] Processing missing range 300 → 600
2026-04-02 12:07:58,964 - INFO - [INFO] Processing batch 300 → 600
2026-04-02 12:07:59,001 - INFO - Using CRS: EPSG:32615
2026-04-02 12:07:59,132 - INFO - Created 300 records
2026-04-02 12:10:35,584 - INFO - [INFO] Saved: C:\evi_output\2024\19\117\19_117_batch_300_to_600.csv
2026-04-02 12:10:35,584 - INFO - [TIME] Batch 300 → 600 took 156.62 sec (2.61 min)
2026-04-02 12:10:40,588 - INFO - [INFO] Transforming dataframe with 300 rows and 3515 columns
2026-04-02 12:10:41,118 - INFO - [INFO] EVI columns found: 1753
2026-04-02 12:10:41,118 - INFO - [INFO] Count columns found: True
2026-04-02 12:11:12,543 - INFO - [INFO] Saved C:\evi_output_raw\2024\19\117\19117000600.csv
2026-04-02 12:11:12,552 - INFO - [TIME] Batch 300 → 600 transformation took 31.96 sec (0.53 min)
2026-04-02 12:11:12,552 - INFO - [GAP] Processing missing range 600 → 900
2026-04-02 12:11:12,552 - INFO - [INFO] Processing batch 600 → 900
2026-04-02 12:11:12,600 - INFO - Using CRS: EPSG:32615
2026-04-02 12:11:12,772 - INFO - Created 300 records
2026-04-02 12:13:06,604 - INFO - [INFO] Saved: C:\evi_output\2024\19\117\19_117_batch_600_to_900.csv
2026-04-02 12:13:06,605 - INFO - [TIME] Batch 600 → 900 took 114.05 sec (1.90 min)
2026-04-02 12:13:11,607 - INFO - [INFO] Transforming dataframe with 300 rows and 3509 columns
2026-04-02 12:13:12,338 - INFO - [INFO] EVI columns found: 1750
2026-04-02 12:13:12,339 - INFO - [INFO] Count columns found: True
2026-04-02 12:13:52,327 - INFO - [INFO] Saved C:\evi_output_raw\2024\19\117\19117000900.csv
2026-04-02 12:13:52,338 - INFO - [TIME] Batch 600 → 900 transformation took 40.73 sec (0.68 min)
2026-04-02 12:13:52,338 - INFO - [GAP] Processing missing range 900 → 1200
2026-04-02 12:13:52,338 - INFO - [INFO] Processing batch 900 → 1200
2026-04-02 12:13:52,402 - INFO - Using CRS: EPSG:32615
2026-04-02 12:13:52,627 - INFO - Created 300 records
2026-04-02 12:13:59,621 - WARNING - Sleeping 1.83 seconds before retry 1 of 5 for request: POST https://earthengine.googleapis.com/v1/projects/ts-ms-fields/table:computeFeatures?alt=json, after 503
2026-04-02 12:15:20,155 - ERROR - Failed batch 900 → 1200: User memory limit exceeded.
2026-04-02 12:15:20,156 - INFO - [FALLBACK] Smaller batch 900
2026-04-02 12:15:20,156 - INFO - [INFO] Processing batch 900 → 1050
2026-04-02 12:15:20,172 - INFO - Using CRS: EPSG:32615
2026-04-02 12:15:20,256 - INFO - Created 150 records
2026-04-02 12:17:39,141 - INFO - Total features in state 19: 567520
2026-04-02 12:17:39,159 - INFO - Counties in state 19: ['061' '097' '045' '163' '071' '145' '093' '161' '025' '187' '047' '027'
 '073' '015' '165' '009' '077' '049' '155' '029' '001' '121' '177' '111'
 '137' '003' '175' '173' '159' '109' '189' '195' '131' '081' '033' '067'
 '091' '197' '069' '023' '079' '083' '075' '013' '019' '171' '011' '113'
 '127' '099' '157' '095' '103' '107' '183' '125' '123' '007' '051' '191'
 '005' '193' '133' '085' '053' '185' '153' '181' '039' '117' '135' '129'
 '055' '105' '031' '139' '119' '167' '089' '037' '065' '017' '143' '059'
 '063' '141' '041' '147' '021' '035' '151' '115' '101' '087' '057' '149'
 '179' '169' '043']
2026-04-02 12:17:39,193 - INFO - Processing county: 117. Total features: 2620
2026-04-02 12:17:39,199 - INFO - [SKIP] Batch 0 fully processed
2026-04-02 12:17:39,200 - INFO - [SKIP] Batch 300 fully processed
2026-04-02 12:17:39,200 - INFO - [SKIP] Batch 600 fully processed
2026-04-02 12:17:39,201 - INFO - [GAP] Processing missing range 900 → 1200
2026-04-02 12:17:39,201 - INFO - [INFO] Processing batch 900 → 1200
2026-04-02 12:17:39,228 - INFO - Using CRS: EPSG:32615
2026-04-02 12:17:39,373 - INFO - Created 300 records
2026-04-02 12:18:14,555 - ERROR - Failed batch 900 → 1200: User memory limit exceeded.
2026-04-02 12:18:14,556 - INFO - [FALLBACK] Smaller batch 900
2026-04-02 12:18:14,557 - INFO - [INFO] Processing batch 900 → 1050
2026-04-02 12:18:14,574 - INFO - Using CRS: EPSG:32615
2026-04-02 12:18:14,644 - INFO - Created 150 records
2026-04-02 12:18:24,894 - INFO - [INFO] Saved: C:\evi_output\2024\19\117\19_117_batch_900_to_1050.csv
2026-04-02 12:18:24,894 - INFO - [TIME] Batch 900 → 1050 took 10.34 sec (0.17 min)
2026-04-02 12:18:29,910 - INFO - [INFO] Transforming dataframe with 150 rows and 1753 columns
2026-04-02 12:18:30,093 - INFO - [INFO] EVI columns found: 1744
2026-04-02 12:18:30,093 - INFO - [INFO] Count columns found: False
2026-04-02 12:18:40,890 - INFO - [INFO] Saved C:\evi_output_raw\2024\19\117\19117001050.csv
2026-04-02 12:18:40,891 - INFO - [TIME] Batch 900 → 1050 transformation took 10.98 sec (0.18 min)
2026-04-02 12:18:40,894 - INFO - [INFO] Processing batch 1050 → 1200
2026-04-02 12:18:40,895 - INFO - Using CRS: EPSG:32615
2026-04-02 12:18:40,979 - INFO - Created 150 records
2026-04-02 12:19:35,447 - INFO - [INFO] Saved: C:\evi_output\2024\19\117\19_117_batch_1050_to_1200.csv
2026-04-02 12:19:35,447 - INFO - [TIME] Batch 1050 → 1200 took 54.55 sec (0.91 min)
2026-04-02 12:19:40,455 - INFO - [INFO] Transforming dataframe with 150 rows and 1753 columns
2026-04-02 12:19:40,734 - INFO - [INFO] EVI columns found: 1744
2026-04-02 12:19:40,734 - INFO - [INFO] Count columns found: False
2026-04-02 12:19:51,575 - INFO - [INFO] Saved C:\evi_output_raw\2024\19\117\19117001200.csv
2026-04-02 12:19:51,575 - INFO - [TIME] Batch 1050 → 1200 transformation took 11.12 sec (0.19 min)
2026-04-02 12:19:51,575 - INFO - [GAP] Processing missing range 1200 → 1500
2026-04-02 12:19:51,575 - INFO - [INFO] Processing batch 1200 → 1500
2026-04-02 12:19:51,628 - INFO - Using CRS: EPSG:32615
2026-04-02 12:19:51,759 - INFO - Created 300 records
2026-04-02 12:21:04,775 - INFO - [INFO] Saved: C:\evi_output\2024\19\117\19_117_batch_1200_to_1500.csv
2026-04-02 12:21:04,775 - INFO - [TIME] Batch 1200 → 1500 took 73.20 sec (1.22 min)
2026-04-02 12:21:09,776 - INFO - [INFO] Transforming dataframe with 300 rows and 1750 columns
2026-04-02 12:21:10,154 - INFO - [INFO] EVI columns found: 1741
2026-04-02 12:21:10,155 - INFO - [INFO] Count columns found: False
2026-04-02 12:21:42,851 - INFO - [INFO] Saved C:\evi_output_raw\2024\19\117\19117001500.csv
2026-04-02 12:21:42,856 - INFO - [TIME] Batch 1200 → 1500 transformation took 33.08 sec (0.55 min)
2026-04-02 12:21:42,863 - INFO - [GAP] Processing missing range 1500 → 1800
2026-04-02 12:21:42,864 - INFO - [INFO] Processing batch 1500 → 1800
2026-04-02 12:21:42,917 - INFO - Using CRS: EPSG:32615
2026-04-02 12:21:43,133 - INFO - Created 300 records
2026-04-02 12:22:57,568 - ERROR - Failed batch 1500 → 1800: User memory limit exceeded.
2026-04-02 12:22:57,569 - INFO - [FALLBACK] Smaller batch 1500
2026-04-02 12:22:57,570 - INFO - [INFO] Processing batch 1500 → 1650
2026-04-02 12:22:57,590 - INFO - Using CRS: EPSG:32615
2026-04-02 12:22:57,673 - INFO - Created 150 records
2026-04-02 12:24:07,503 - INFO - [INFO] Saved: C:\evi_output\2024\19\117\19_117_batch_1500_to_1650.csv
2026-04-02 12:24:07,503 - INFO - [TIME] Batch 1500 → 1650 took 69.93 sec (1.17 min)
2026-04-02 12:24:12,504 - INFO - [INFO] Transforming dataframe with 150 rows and 1750 columns
2026-04-02 12:24:12,853 - INFO - [INFO] EVI columns found: 1741
2026-04-02 12:24:12,854 - INFO - [INFO] Count columns found: False
2026-04-02 12:24:29,647 - INFO - [INFO] Saved C:\evi_output_raw\2024\19\117\19117001650.csv
2026-04-02 12:24:29,649 - INFO - [TIME] Batch 1500 → 1650 transformation took 17.14 sec (0.29 min)
2026-04-02 12:24:29,652 - INFO - [INFO] Processing batch 1650 → 1800
2026-04-02 12:24:29,674 - INFO - Using CRS: EPSG:32615
2026-04-02 12:24:29,789 - INFO - Created 150 records
2026-04-02 12:25:45,891 - INFO - [INFO] Saved: C:\evi_output\2024\19\117\19_117_batch_1650_to_1800.csv
2026-04-02 12:25:45,892 - INFO - [TIME] Batch 1650 → 1800 took 76.24 sec (1.27 min)
2026-04-02 12:25:50,893 - INFO - [INFO] Transforming dataframe with 150 rows and 1749 columns
2026-04-02 12:25:51,074 - INFO - [INFO] EVI columns found: 1740
2026-04-02 12:25:51,075 - INFO - [INFO] Count columns found: False
2026-04-02 12:26:06,808 - INFO - [INFO] Saved C:\evi_output_raw\2024\19\117\19117001800.csv
2026-04-02 12:26:06,811 - INFO - [TIME] Batch 1650 → 1800 transformation took 15.92 sec (0.27 min)
2026-04-02 12:26:06,819 - INFO - [GAP] Processing missing range 1800 → 2100
2026-04-02 12:26:06,819 - INFO - [INFO] Processing batch 1800 → 2100
2026-04-02 12:26:06,859 - INFO - Using CRS: EPSG:32615
2026-04-02 12:26:07,024 - INFO - Created 300 records
2026-04-02 12:27:04,003 - INFO - [INFO] Saved: C:\evi_output\2024\19\117\19_117_batch_1800_to_2100.csv
2026-04-02 12:27:04,003 - INFO - [TIME] Batch 1800 → 2100 took 57.18 sec (0.95 min)
2026-04-02 12:27:09,005 - INFO - [INFO] Transforming dataframe with 300 rows and 1749 columns
2026-04-02 12:27:09,390 - INFO - [INFO] EVI columns found: 1740
2026-04-02 12:27:09,391 - INFO - [INFO] Count columns found: False
2026-04-02 12:27:41,777 - INFO - [INFO] Saved C:\evi_output_raw\2024\19\117\19117002100.csv
2026-04-02 12:27:41,781 - INFO - [TIME] Batch 1800 → 2100 transformation took 32.78 sec (0.55 min)
2026-04-02 12:27:41,786 - INFO - [GAP] Processing missing range 2100 → 2400
2026-04-02 12:27:41,787 - INFO - [INFO] Processing batch 2100 → 2400
2026-04-02 12:27:41,831 - INFO - Using CRS: EPSG:32615
2026-04-02 12:27:41,986 - INFO - Created 300 records
2026-04-02 12:28:34,372 - ERROR - Failed batch 2100 → 2400: User memory limit exceeded.
2026-04-02 12:28:34,373 - INFO - [FALLBACK] Smaller batch 2100
2026-04-02 12:28:34,374 - INFO - [INFO] Processing batch 2100 → 2250
2026-04-02 12:28:34,397 - INFO - Using CRS: EPSG:32615
2026-04-02 12:28:34,498 - INFO - Created 150 records
2026-04-02 12:29:21,454 - INFO - [INFO] Saved: C:\evi_output\2024\19\117\19_117_batch_2100_to_2250.csv
2026-04-02 12:29:21,454 - INFO - [TIME] Batch 2100 → 2250 took 47.08 sec (0.78 min)
2026-04-02 12:29:26,456 - INFO - [INFO] Transforming dataframe with 150 rows and 1749 columns
2026-04-02 12:29:26,748 - INFO - [INFO] EVI columns found: 1740
2026-04-02 12:29:26,749 - INFO - [INFO] Count columns found: False
2026-04-02 12:29:42,253 - INFO - [INFO] Saved C:\evi_output_raw\2024\19\117\19117002250.csv
2026-04-02 12:29:42,256 - INFO - [TIME] Batch 2100 → 2250 transformation took 15.80 sec (0.26 min)
2026-04-02 12:29:42,260 - INFO - [INFO] Processing batch 2250 → 2400
2026-04-02 12:29:42,286 - INFO - Using CRS: EPSG:32615
2026-04-02 12:29:42,368 - INFO - Created 150 records
2026-04-02 12:30:30,433 - INFO - [INFO] Saved: C:\evi_output\2024\19\117\19_117_batch_2250_to_2400.csv
2026-04-02 12:30:30,434 - INFO - [TIME] Batch 2250 → 2400 took 48.17 sec (0.80 min)
2026-04-02 12:30:35,435 - INFO - [INFO] Transforming dataframe with 150 rows and 1749 columns
2026-04-02 12:30:35,702 - INFO - [INFO] EVI columns found: 1740
2026-04-02 12:30:35,702 - INFO - [INFO] Count columns found: False
2026-04-02 12:30:51,843 - INFO - [INFO] Saved C:\evi_output_raw\2024\19\117\19117002400.csv
2026-04-02 12:30:51,846 - INFO - [TIME] Batch 2250 → 2400 transformation took 16.41 sec (0.27 min)
2026-04-02 12:30:51,855 - INFO - [GAP] Processing missing range 2400 → 2620
2026-04-02 12:30:51,856 - INFO - [INFO] Processing batch 2400 → 2620
2026-04-02 12:30:51,889 - INFO - Using CRS: EPSG:32615
2026-04-02 12:30:52,034 - INFO - Created 220 records
2026-04-02 12:31:27,951 - ERROR - Failed batch 2400 → 2620: User memory limit exceeded.
2026-04-02 12:31:27,952 - INFO - [FALLBACK] Smaller batch 2400
2026-04-02 12:31:27,953 - INFO - [INFO] Processing batch 2400 → 2510
2026-04-02 12:31:27,968 - INFO - Using CRS: EPSG:32615
2026-04-02 12:31:28,022 - INFO - Created 110 records
2026-04-02 12:32:22,475 - INFO - [INFO] Saved: C:\evi_output\2024\19\117\19_117_batch_2400_to_2510.csv
2026-04-02 12:32:22,475 - INFO - [TIME] Batch 2400 → 2510 took 54.52 sec (0.91 min)
2026-04-02 12:32:27,476 - INFO - [INFO] Transforming dataframe with 110 rows and 1749 columns
2026-04-02 12:32:27,728 - INFO - [INFO] EVI columns found: 1740
2026-04-02 12:32:27,729 - INFO - [INFO] Count columns found: False
2026-04-02 12:32:39,322 - INFO - [INFO] Saved C:\evi_output_raw\2024\19\117\19117002510.csv
2026-04-02 12:32:39,324 - INFO - [TIME] Batch 2400 → 2510 transformation took 11.85 sec (0.20 min)
2026-04-02 12:32:39,326 - INFO - [INFO] Processing batch 2510 → 2620
2026-04-02 12:32:39,342 - INFO - Using CRS: EPSG:32615
2026-04-02 12:32:39,407 - INFO - Created 110 records
2026-04-02 12:33:36,954 - ERROR - Failed batch 2510 → 2620: User memory limit exceeded.
2026-04-02 12:33:36,956 - INFO - [FALLBACK] Smaller batch 2510
2026-04-02 12:33:36,957 - INFO - [INFO] Processing batch 2510 → 2565
2026-04-02 12:33:36,964 - INFO - Using CRS: EPSG:32615
2026-04-02 12:33:36,996 - INFO - Created 55 records
2026-04-02 12:34:12,658 - INFO - [INFO] Saved: C:\evi_output\2024\19\117\19_117_batch_2510_to_2565.csv
2026-04-02 12:34:12,659 - INFO - [TIME] Batch 2510 → 2565 took 35.70 sec (0.60 min)
2026-04-02 12:34:17,660 - INFO - [INFO] Transforming dataframe with 55 rows and 1747 columns
2026-04-02 12:34:17,898 - INFO - [INFO] EVI columns found: 1738
2026-04-02 12:34:17,899 - INFO - [INFO] Count columns found: False
2026-04-02 12:34:23,660 - INFO - [INFO] Saved C:\evi_output_raw\2024\19\117\19117002565.csv
2026-04-02 12:34:23,662 - INFO - [TIME] Batch 2510 → 2565 transformation took 6.00 sec (0.10 min)
2026-04-02 12:34:23,663 - INFO - [INFO] Processing batch 2565 → 2620
2026-04-02 12:34:23,669 - INFO - Using CRS: EPSG:32615
2026-04-02 12:34:23,709 - INFO - Created 55 records
2026-04-02 12:34:58,446 - ERROR - Failed batch 2565 → 2620: User memory limit exceeded.
2026-04-02 12:34:58,447 - INFO - [FALLBACK] Smaller batch 2565
2026-04-02 12:34:58,448 - INFO - [INFO] Processing batch 2565 → 2592
2026-04-02 12:34:58,451 - INFO - Using CRS: EPSG:32615
2026-04-02 12:34:58,469 - INFO - Created 27 records
2026-04-02 12:35:29,654 - INFO - [INFO] Saved: C:\evi_output\2024\19\117\19_117_batch_2565_to_2592.csv
2026-04-02 12:35:29,655 - INFO - [TIME] Batch 2565 → 2592 took 31.21 sec (0.52 min)
2026-04-02 12:35:34,656 - INFO - [INFO] Transforming dataframe with 27 rows and 1749 columns
2026-04-02 12:35:34,929 - INFO - [INFO] EVI columns found: 1740
2026-04-02 12:35:34,930 - INFO - [INFO] Count columns found: False
2026-04-02 12:35:37,969 - INFO - [INFO] Saved C:\evi_output_raw\2024\19\117\19117002592.csv
2026-04-02 12:35:37,970 - INFO - [TIME] Batch 2565 → 2592 transformation took 3.31 sec (0.06 min)
2026-04-02 12:35:37,973 - INFO - [INFO] Processing batch 2592 → 2620
2026-04-02 12:35:37,977 - INFO - Using CRS: EPSG:32615
2026-04-02 12:35:38,000 - INFO - Created 28 records
2026-04-02 12:36:25,282 - INFO - [INFO] Saved: C:\evi_output\2024\19\117\19_117_batch_2592_to_2620.csv
2026-04-02 12:36:25,282 - INFO - [TIME] Batch 2592 → 2620 took 47.31 sec (0.79 min)
2026-04-02 12:36:30,283 - INFO - [INFO] Transforming dataframe with 28 rows and 1749 columns
2026-04-02 12:36:30,479 - INFO - [INFO] EVI columns found: 1740
2026-04-02 12:36:30,480 - INFO - [INFO] Count columns found: False
2026-04-02 12:36:33,532 - INFO - [INFO] Saved C:\evi_output_raw\2024\19\117\19117002620.csv
2026-04-02 12:36:33,535 - INFO - [TIME] Batch 2592 → 2620 transformation took 3.25 sec (0.05 min)
2026-04-04 10:22:58,232 - INFO - Total features in state 19: 567520
2026-04-04 10:22:58,259 - INFO - Counties in state 19: ['061' '097' '045' '163' '071' '145' '093' '161' '025' '187' '047' '027'
 '073' '015' '165' '009' '077' '049' '155' '029' '001' '121' '177' '111'
 '137' '003' '175' '173' '159' '109' '189' '195' '131' '081' '033' '067'
 '091' '197' '069' '023' '079' '083' '075' '013' '019' '171' '011' '113'
 '127' '099' '157' '095' '103' '107' '183' '125' '123' '007' '051' '191'
 '005' '193' '133' '085' '053' '185' '153' '181' '039' '117' '135' '129'
 '055' '105' '031' '139' '119' '167' '089' '037' '065' '017' '143' '059'
 '063' '141' '041' '147' '021' '035' '151' '115' '101' '087' '057' '149'
 '179' '169' '043']
2026-04-04 10:22:58,283 - INFO - Processing county: 001. Total features: 6827
2026-04-04 10:22:58,285 - INFO - [GAP] Processing missing range 0 → 1
2026-04-04 10:22:58,286 - INFO - [INFO] Processing batch 0 → 1
2026-04-04 10:22:58,286 - INFO - Using CRS: EPSG:32615
2026-04-04 10:22:58,289 - INFO - Created 1 records
2026-04-04 10:23:35,414 - INFO - [INFO] Saved: C:\evi_output\2024\19\001\19_001_batch_0_to_1.csv
2026-04-04 10:23:35,415 - INFO - [TIME] Batch 0 → 1 took 37.13 sec (0.62 min)
2026-04-04 10:23:40,416 - INFO - [INFO] Transforming dataframe with 1 rows and 1796 columns
2026-04-04 10:23:40,541 - INFO - [INFO] EVI columns found: 1787
2026-04-04 10:23:40,542 - INFO - [INFO] Count columns found: False
2026-04-04 10:23:40,626 - INFO - [INFO] Saved C:\evi_output_raw\2024\19\001\19001002004.csv
2026-04-04 10:23:40,627 - INFO - [TIME] Batch 0 → 1 transformation took 0.21 sec (0.00 min)
2026-04-04 10:23:40,628 - INFO - [SKIP] Batch 300 fully processed
2026-04-04 10:23:40,629 - INFO - [SKIP] Batch 600 fully processed
2026-04-04 10:23:40,631 - INFO - [SKIP] Batch 900 fully processed
2026-04-04 10:23:40,632 - INFO - [SKIP] Batch 1200 fully processed
2026-04-04 10:23:40,633 - INFO - [SKIP] Batch 1500 fully processed
2026-04-04 10:23:40,633 - INFO - [SKIP] Batch 1800 fully processed
2026-04-04 10:23:40,634 - INFO - [SKIP] Batch 2100 fully processed
2026-04-04 10:23:40,635 - INFO - [SKIP] Batch 2400 fully processed
2026-04-04 10:23:40,635 - INFO - [SKIP] Batch 2700 fully processed
2026-04-04 10:23:40,636 - INFO - [SKIP] Batch 3000 fully processed
2026-04-04 10:23:40,636 - INFO - [SKIP] Batch 3300 fully processed
2026-04-04 10:23:40,637 - INFO - [SKIP] Batch 3600 fully processed
2026-04-04 10:23:40,637 - INFO - [SKIP] Batch 3900 fully processed
2026-04-04 10:23:40,638 - INFO - [SKIP] Batch 4200 fully processed
2026-04-04 10:23:40,639 - INFO - [SKIP] Batch 4500 fully processed
2026-04-04 10:23:40,639 - INFO - [SKIP] Batch 4800 fully processed
2026-04-04 10:23:40,640 - INFO - [SKIP] Batch 5100 fully processed
2026-04-04 10:23:40,641 - INFO - [SKIP] Batch 5400 fully processed
2026-04-04 10:23:40,641 - INFO - [SKIP] Batch 5700 fully processed
2026-04-04 10:23:40,642 - INFO - [SKIP] Batch 6000 fully processed
2026-04-04 10:23:40,643 - INFO - [SKIP] Batch 6300 fully processed
2026-04-04 10:23:40,643 - INFO - [SKIP] Batch 6600 fully processed
2026-04-04 10:25:39,750 - INFO - Total features in state 19: 567520
2026-04-04 10:25:39,777 - INFO - Counties in state 19: ['061' '097' '045' '163' '071' '145' '093' '161' '025' '187' '047' '027'
 '073' '015' '165' '009' '077' '049' '155' '029' '001' '121' '177' '111'
 '137' '003' '175' '173' '159' '109' '189' '195' '131' '081' '033' '067'
 '091' '197' '069' '023' '079' '083' '075' '013' '019' '171' '011' '113'
 '127' '099' '157' '095' '103' '107' '183' '125' '123' '007' '051' '191'
 '005' '193' '133' '085' '053' '185' '153' '181' '039' '117' '135' '129'
 '055' '105' '031' '139' '119' '167' '089' '037' '065' '017' '143' '059'
 '063' '141' '041' '147' '021' '035' '151' '115' '101' '087' '057' '149'
 '179' '169' '043']
2026-04-04 10:25:39,800 - INFO - Processing county: 099. Total features: 9263
2026-04-04 10:25:39,803 - INFO - [GAP] Processing missing range 0 → 1
2026-04-04 10:25:39,803 - INFO - [INFO] Processing batch 0 → 1
2026-04-04 10:25:39,804 - INFO - Using CRS: EPSG:32615
2026-04-04 10:25:39,807 - INFO - Created 1 records
2026-04-04 10:25:56,859 - INFO - [INFO] Saved: C:\evi_output\2024\19\099\19_099_batch_0_to_1.csv
2026-04-04 10:25:56,860 - INFO - [TIME] Batch 0 → 1 took 17.06 sec (0.28 min)
2026-04-04 10:26:01,861 - INFO - [INFO] Transforming dataframe with 1 rows and 1839 columns
2026-04-04 10:26:02,066 - INFO - [INFO] EVI columns found: 1830
2026-04-04 10:26:02,066 - INFO - [INFO] Count columns found: False
2026-04-04 10:26:02,178 - INFO - [INFO] Saved C:\evi_output_raw\2024\19\099\19099002773.csv
2026-04-04 10:26:02,179 - INFO - [TIME] Batch 0 → 1 transformation took 0.32 sec (0.01 min)
2026-04-04 10:26:02,181 - INFO - [SKIP] Batch 300 fully processed
2026-04-04 10:26:02,182 - INFO - [SKIP] Batch 600 fully processed
2026-04-04 10:26:02,183 - INFO - [SKIP] Batch 900 fully processed
2026-04-04 10:26:02,183 - INFO - [SKIP] Batch 1200 fully processed
2026-04-04 10:26:02,184 - INFO - [SKIP] Batch 1500 fully processed
2026-04-04 10:26:02,185 - INFO - [SKIP] Batch 1800 fully processed
2026-04-04 10:26:02,186 - INFO - [SKIP] Batch 2100 fully processed
2026-04-04 10:26:02,186 - INFO - [SKIP] Batch 2400 fully processed
2026-04-04 10:26:02,187 - INFO - [SKIP] Batch 2700 fully processed
2026-04-04 10:26:02,188 - INFO - [SKIP] Batch 3000 fully processed
2026-04-04 10:26:02,189 - INFO - [SKIP] Batch 3300 fully processed
2026-04-04 10:26:02,190 - INFO - [SKIP] Batch 3600 fully processed
2026-04-04 10:26:02,191 - INFO - [SKIP] Batch 3900 fully processed
2026-04-04 10:26:02,192 - INFO - [SKIP] Batch 4200 fully processed
2026-04-04 10:26:02,192 - INFO - [SKIP] Batch 4500 fully processed
2026-04-04 10:26:02,193 - INFO - [SKIP] Batch 4800 fully processed
2026-04-04 10:26:02,194 - INFO - [SKIP] Batch 5100 fully processed
2026-04-04 10:26:02,195 - INFO - [SKIP] Batch 5400 fully processed
2026-04-04 10:26:02,196 - INFO - [SKIP] Batch 5700 fully processed
2026-04-04 10:26:02,196 - INFO - [SKIP] Batch 6000 fully processed
2026-04-04 10:26:02,197 - INFO - [SKIP] Batch 6300 fully processed
2026-04-04 10:26:02,198 - INFO - [SKIP] Batch 6600 fully processed
2026-04-04 10:26:02,199 - INFO - [SKIP] Batch 6900 fully processed
2026-04-04 10:26:02,201 - INFO - [SKIP] Batch 7200 fully processed
2026-04-04 10:26:02,202 - INFO - [SKIP] Batch 7500 fully processed
2026-04-04 10:26:02,203 - INFO - [SKIP] Batch 7800 fully processed
2026-04-04 10:26:02,204 - INFO - [SKIP] Batch 8100 fully processed
2026-04-04 10:26:02,205 - INFO - [SKIP] Batch 8400 fully processed
2026-04-04 10:26:02,206 - INFO - [SKIP] Batch 8700 fully processed
2026-04-04 10:26:02,207 - INFO - [SKIP] Batch 9000 fully processed
2026-04-04 10:28:20,163 - INFO - Total features in state 19: 567520
2026-04-04 10:28:20,187 - INFO - Counties in state 19: ['061' '097' '045' '163' '071' '145' '093' '161' '025' '187' '047' '027'
 '073' '015' '165' '009' '077' '049' '155' '029' '001' '121' '177' '111'
 '137' '003' '175' '173' '159' '109' '189' '195' '131' '081' '033' '067'
 '091' '197' '069' '023' '079' '083' '075' '013' '019' '171' '011' '113'
 '127' '099' '157' '095' '103' '107' '183' '125' '123' '007' '051' '191'
 '005' '193' '133' '085' '053' '185' '153' '181' '039' '117' '135' '129'
 '055' '105' '031' '139' '119' '167' '089' '037' '065' '017' '143' '059'
 '063' '141' '041' '147' '021' '035' '151' '115' '101' '087' '057' '149'
 '179' '169' '043']
2026-04-04 10:28:20,211 - INFO - Processing county: 161. Total features: 5894
2026-04-04 10:28:20,213 - INFO - [GAP] Processing missing range 0 → 1
2026-04-04 10:28:20,213 - INFO - [INFO] Processing batch 0 → 1
2026-04-04 10:28:20,214 - INFO - Using CRS: EPSG:32615
2026-04-04 10:28:20,218 - INFO - Created 1 records
2026-04-04 10:28:41,328 - INFO - [INFO] Saved: C:\evi_output\2024\19\161\19_161_batch_0_to_1.csv
2026-04-04 10:28:41,329 - INFO - [TIME] Batch 0 → 1 took 21.12 sec (0.35 min)
2026-04-04 10:28:46,330 - INFO - [INFO] Transforming dataframe with 1 rows and 1898 columns
2026-04-04 10:28:46,469 - INFO - [INFO] EVI columns found: 1889
2026-04-04 10:28:46,470 - INFO - [INFO] Count columns found: False
2026-04-04 10:28:46,547 - INFO - [INFO] Saved C:\evi_output_raw\2024\19\161\19161000418.csv
2026-04-04 10:28:46,548 - INFO - [TIME] Batch 0 → 1 transformation took 0.22 sec (0.00 min)
2026-04-04 10:28:46,550 - INFO - [SKIP] Batch 300 fully processed
2026-04-04 10:28:46,550 - INFO - [SKIP] Batch 600 fully processed
2026-04-04 10:28:46,550 - INFO - [SKIP] Batch 900 fully processed
2026-04-04 10:28:46,551 - INFO - [SKIP] Batch 1200 fully processed
2026-04-04 10:28:46,551 - INFO - [SKIP] Batch 1500 fully processed
2026-04-04 10:28:46,552 - INFO - [SKIP] Batch 1800 fully processed
2026-04-04 10:28:46,553 - INFO - [SKIP] Batch 2100 fully processed
2026-04-04 10:28:46,553 - INFO - [SKIP] Batch 2400 fully processed
2026-04-04 10:28:46,554 - INFO - [SKIP] Batch 2700 fully processed
2026-04-04 10:28:46,554 - INFO - [SKIP] Batch 3000 fully processed
2026-04-04 10:28:46,555 - INFO - [SKIP] Batch 3300 fully processed
2026-04-04 10:28:46,556 - INFO - [SKIP] Batch 3600 fully processed
2026-04-04 10:28:46,556 - INFO - [SKIP] Batch 3900 fully processed
2026-04-04 10:28:46,557 - INFO - [SKIP] Batch 4200 fully processed
2026-04-04 10:28:46,557 - INFO - [SKIP] Batch 4500 fully processed
2026-04-04 10:28:46,558 - INFO - [SKIP] Batch 4800 fully processed
2026-04-04 10:28:46,558 - INFO - [SKIP] Batch 5100 fully processed
2026-04-04 10:28:46,559 - INFO - [SKIP] Batch 5400 fully processed
2026-04-04 10:28:46,560 - INFO - [SKIP] Batch 5700 fully processed
2026-04-04 10:31:10,277 - INFO - Total features in state 19: 567520
2026-04-04 10:31:10,303 - INFO - Counties in state 19: ['061' '097' '045' '163' '071' '145' '093' '161' '025' '187' '047' '027'
 '073' '015' '165' '009' '077' '049' '155' '029' '001' '121' '177' '111'
 '137' '003' '175' '173' '159' '109' '189' '195' '131' '081' '033' '067'
 '091' '197' '069' '023' '079' '083' '075' '013' '019' '171' '011' '113'
 '127' '099' '157' '095' '103' '107' '183' '125' '123' '007' '051' '191'
 '005' '193' '133' '085' '053' '185' '153' '181' '039' '117' '135' '129'
 '055' '105' '031' '139' '119' '167' '089' '037' '065' '017' '143' '059'
 '063' '141' '041' '147' '021' '035' '151' '115' '101' '087' '057' '149'
 '179' '169' '043']
2026-04-04 10:31:10,326 - INFO - Processing county: 089. Total features: 5534
2026-04-04 10:31:10,328 - INFO - [GAP] Processing missing range 0 → 1
2026-04-04 10:31:10,328 - INFO - [INFO] Processing batch 0 → 1
2026-04-04 10:31:10,329 - INFO - Using CRS: EPSG:32615
2026-04-04 10:31:10,333 - INFO - Created 1 records
2026-04-04 10:31:34,035 - INFO - [INFO] Saved: C:\evi_output\2024\19\089\19_089_batch_0_to_1.csv
2026-04-04 10:31:34,035 - INFO - [TIME] Batch 0 → 1 took 23.71 sec (0.40 min)
2026-04-04 10:31:39,037 - INFO - [INFO] Transforming dataframe with 1 rows and 1740 columns
2026-04-04 10:31:39,160 - INFO - [INFO] EVI columns found: 1731
2026-04-04 10:31:39,160 - INFO - [INFO] Count columns found: False
2026-04-04 10:31:39,239 - INFO - [INFO] Saved C:\evi_output_raw\2024\19\089\19089002213.csv
2026-04-04 10:31:39,240 - INFO - [TIME] Batch 0 → 1 transformation took 0.20 sec (0.00 min)
2026-04-04 10:31:39,241 - INFO - [SKIP] Batch 300 fully processed
2026-04-04 10:31:39,242 - INFO - [SKIP] Batch 600 fully processed
2026-04-04 10:31:39,242 - INFO - [SKIP] Batch 900 fully processed
2026-04-04 10:31:39,243 - INFO - [SKIP] Batch 1200 fully processed
2026-04-04 10:31:39,244 - INFO - [SKIP] Batch 1500 fully processed
2026-04-04 10:31:39,244 - INFO - [SKIP] Batch 1800 fully processed
2026-04-04 10:31:39,245 - INFO - [SKIP] Batch 2100 fully processed
2026-04-04 10:31:39,245 - INFO - [SKIP] Batch 2400 fully processed
2026-04-04 10:31:39,246 - INFO - [SKIP] Batch 2700 fully processed
2026-04-04 10:31:39,247 - INFO - [SKIP] Batch 3000 fully processed
2026-04-04 10:31:39,247 - INFO - [SKIP] Batch 3300 fully processed
2026-04-04 10:31:39,248 - INFO - [SKIP] Batch 3600 fully processed
2026-04-04 10:31:39,249 - INFO - [SKIP] Batch 3900 fully processed
2026-04-04 10:31:39,250 - INFO - [SKIP] Batch 4200 fully processed
2026-04-04 10:31:39,250 - INFO - [SKIP] Batch 4500 fully processed
2026-04-04 10:31:39,251 - INFO - [SKIP] Batch 4800 fully processed
2026-04-04 10:31:39,252 - INFO - [SKIP] Batch 5100 fully processed
2026-04-04 10:31:39,252 - INFO - [SKIP] Batch 5400 fully processed
2026-04-04 10:34:38,812 - INFO - Total features in state 19: 567520
2026-04-04 10:34:38,838 - INFO - Counties in state 19: ['061' '097' '045' '163' '071' '145' '093' '161' '025' '187' '047' '027'
 '073' '015' '165' '009' '077' '049' '155' '029' '001' '121' '177' '111'
 '137' '003' '175' '173' '159' '109' '189' '195' '131' '081' '033' '067'
 '091' '197' '069' '023' '079' '083' '075' '013' '019' '171' '011' '113'
 '127' '099' '157' '095' '103' '107' '183' '125' '123' '007' '051' '191'
 '005' '193' '133' '085' '053' '185' '153' '181' '039' '117' '135' '129'
 '055' '105' '031' '139' '119' '167' '089' '037' '065' '017' '143' '059'
 '063' '141' '041' '147' '021' '035' '151' '115' '101' '087' '057' '149'
 '179' '169' '043']
2026-04-04 10:34:38,864 - INFO - Processing county: 163. Total features: 4921
2026-04-04 10:34:38,866 - INFO - [GAP] Processing missing range 0 → 1
2026-04-04 10:34:38,867 - INFO - [INFO] Processing batch 0 → 1
2026-04-04 10:34:38,868 - INFO - Using CRS: EPSG:32615
2026-04-04 10:34:38,871 - INFO - Created 1 records
2026-04-04 10:35:04,899 - INFO - [INFO] Saved: C:\evi_output\2024\19\163\19_163_batch_0_to_1.csv
2026-04-04 10:35:04,900 - INFO - [TIME] Batch 0 → 1 took 26.03 sec (0.43 min)
2026-04-04 10:35:09,901 - INFO - [INFO] Transforming dataframe with 1 rows and 1885 columns
2026-04-04 10:35:10,038 - INFO - [INFO] EVI columns found: 1876
2026-04-04 10:35:10,038 - INFO - [INFO] Count columns found: False
2026-04-04 10:35:10,118 - INFO - [INFO] Saved C:\evi_output_raw\2024\19\163\19163000468.csv
2026-04-04 10:35:10,119 - INFO - [TIME] Batch 0 → 1 transformation took 0.22 sec (0.00 min)
2026-04-04 10:35:10,120 - INFO - [SKIP] Batch 300 fully processed
2026-04-04 10:35:10,122 - INFO - [SKIP] Batch 600 fully processed
2026-04-04 10:35:10,122 - INFO - [SKIP] Batch 900 fully processed
2026-04-04 10:35:10,123 - INFO - [SKIP] Batch 1200 fully processed
2026-04-04 10:35:10,124 - INFO - [SKIP] Batch 1500 fully processed
2026-04-04 10:35:10,124 - INFO - [SKIP] Batch 1800 fully processed
2026-04-04 10:35:10,125 - INFO - [SKIP] Batch 2100 fully processed
2026-04-04 10:35:10,125 - INFO - [SKIP] Batch 2400 fully processed
2026-04-04 10:35:10,126 - INFO - [SKIP] Batch 2700 fully processed
2026-04-04 10:35:10,127 - INFO - [SKIP] Batch 3000 fully processed
2026-04-04 10:35:10,127 - INFO - [SKIP] Batch 3300 fully processed
2026-04-04 10:35:10,128 - INFO - [SKIP] Batch 3600 fully processed
2026-04-04 10:35:10,128 - INFO - [SKIP] Batch 3900 fully processed
2026-04-04 10:35:10,129 - INFO - [SKIP] Batch 4200 fully processed
2026-04-04 10:35:10,130 - INFO - [SKIP] Batch 4500 fully processed
2026-04-04 10:35:10,130 - INFO - [SKIP] Batch 4800 fully processed
